<?xml version="1.0" encoding="UTF-8"?>
<!-- Generated by org.testng.reporters.JUnitReportReporter -->
<testsuite hostname="DESKTOP-ROA3C2C" failures="0" tests="2" name="SyntecX.CLRMIS.TafseelMalkiatOKhasrajaat" time="14.750" errors="0" timestamp="2025-01-09T17:10:31 PKT" skipped="0">
  <testcase classname="SyntecX.CLRMIS.TafseelMalkiatOKhasrajaat" name="afraadBaTehsil" time="9.596"/>
  <system-out/>
  <testcase classname="SyntecX.CLRMIS.TafseelMalkiatOKhasrajaat" name="tafseelMalkiatSabiqaOMajuda" time="5.154"/>
  <system-out/>
</testsuite> <!-- SyntecX.CLRMIS.TafseelMalkiatOKhasrajaat -->
