<?xml version="1.0" encoding="UTF-8"?>
<!-- Generated by org.testng.reporters.JUnitReportReporter -->
<testsuite hostname="DESKTOP-ROA3C2C" failures="0" tests="1" name="SyntecX.CLRMIS.andrajeRaseed" time="16.054" errors="0" timestamp="2024-12-06T16:43:49 PKT" skipped="0">
  <testcase classname="SyntecX.CLRMIS.andrajeRaseed" name="addRaseed" time="16.054"/>
  <system-out/>
</testsuite> <!-- SyntecX.CLRMIS.andrajeRaseed -->
