<?xml version="1.0" encoding="UTF-8"?>
<!-- Generated by org.testng.reporters.JUnitReportReporter -->
<testsuite hostname="DESKTOP-ROA3C2C" failures="0" tests="3" name="SyntecX.CLRMIS.tafseeliFard" time="19.957" errors="0" timestamp="2025-01-20T13:10:14 PKT" skipped="0">
  <testcase classname="SyntecX.CLRMIS.tafseeliFard" name="addFard" time="10.854"/>
  <system-out/>
  <testcase classname="SyntecX.CLRMIS.tafseeliFard" name="challan" time="1.974"/>
  <system-out/>
  <testcase classname="SyntecX.CLRMIS.tafseeliFard" name="raseed" time="7.129"/>
  <system-out/>
</testsuite> <!-- SyntecX.CLRMIS.tafseeliFard -->
