<?xml version="1.0" encoding="UTF-8"?>
<!-- Generated by org.testng.reporters.JUnitReportReporter -->
<testsuite hostname="DESKTOP-ROA3C2C" failures="0" tests="7" name="SyntecX.CLRMIS.Launch" time="19.090" errors="0" timestamp="2025-01-08T10:43:21 PKT" skipped="0">
  <testcase classname="SyntecX.CLRMIS.Launch" name="openWebsite" time="4.892"/>
  <system-out/>
  <testcase classname="SyntecX.CLRMIS.Launch" name="LoginPage" time="0.301"/>
  <system-out/>
  <testcase classname="SyntecX.CLRMIS.Launch" name="invalidLogin" time="1.707"/>
  <system-out/>
  <testcase classname="SyntecX.CLRMIS.Launch" name="testEmptyUserName" time="3.451"/>
  <system-out/>
  <testcase classname="SyntecX.CLRMIS.Launch" name="testEmptyPassword" time="3.456"/>
  <system-out/>
  <testcase classname="SyntecX.CLRMIS.Launch" name="successfulLogIn" time="0.956"/>
  <system-out/>
  <testcase classname="SyntecX.CLRMIS.Launch" name="logOut" time="4.327"/>
  <system-out/>
</testsuite> <!-- SyntecX.CLRMIS.Launch -->
