<?xml version="1.0" encoding="UTF-8"?>
<!-- Generated by org.testng.reporters.JUnitReportReporter -->
<testsuite hostname="DESKTOP-ROA3C2C" failures="0" tests="3" name="SyntecX.CLRMIS.RolesUsers" time="17.339" errors="0" timestamp="2025-01-08T12:32:05 PKT" skipped="0">
  <testcase classname="SyntecX.CLRMIS.RolesUsers" name="addRole" time="12.404"/>
  <system-out/>
  <testcase classname="SyntecX.CLRMIS.RolesUsers" name="permissions" time="0.825"/>
  <system-out/>
  <testcase classname="SyntecX.CLRMIS.RolesUsers" name="addUser" time="4.110"/>
  <system-out/>
</testsuite> <!-- SyntecX.CLRMIS.RolesUsers -->
