<?xml version="1.0" encoding="UTF-8"?>
<!-- Generated by org.testng.reporters.JUnitReportReporter -->
<testsuite hostname="DESKTOP-ROA3C2C" failures="0" tests="4" name="SyntecX.CLRMIS.TokenAndTFard" time="25.658" errors="0" timestamp="2025-01-20T15:15:19 PKT" skipped="0">
  <testcase classname="SyntecX.CLRMIS.TokenAndTFard" name="addToken" time="9.927"/>
  <system-out/>
  <testcase classname="SyntecX.CLRMIS.TokenAndTFard" name="challan" time="2.012"/>
  <system-out/>
  <testcase classname="SyntecX.CLRMIS.TokenAndTFard" name="addTFard" time="6.648"/>
  <system-out/>
  <testcase classname="SyntecX.CLRMIS.TokenAndTFard" name="raseed" time="7.071"/>
  <system-out/>
</testsuite> <!-- SyntecX.CLRMIS.TokenAndTFard -->
