<?xml version="1.0" encoding="UTF-8"?>
<!-- Generated by org.testng.reporters.JUnitReportReporter -->
<testsuite hostname="DESKTOP-ROA3C2C" failures="0" tests="1" name="SyntecX.CLRMIS.talasheFardat" time="10.286" errors="0" timestamp="2025-01-15T13:17:02 PKT" skipped="0">
  <testcase classname="SyntecX.CLRMIS.talasheFardat" name="talasheFardat" time="10.286"/>
  <system-out/>
</testsuite> <!-- SyntecX.CLRMIS.talasheFardat -->
