<?xml version="1.0" encoding="UTF-8"?>
<!-- Generated by org.testng.reporters.JUnitReportReporter -->
<testsuite hostname="DESKTOP-ROA3C2C" failures="0" tests="2" name="SyntecX.CLRMIS.AndrajeChallan" time="15.679" errors="0" timestamp="2024-12-06T13:22:36 PKT" skipped="0">
  <testcase classname="SyntecX.CLRMIS.AndrajeChallan" name="addChallan" time="12.273"/>
  <system-out/>
  <testcase classname="SyntecX.CLRMIS.AndrajeChallan" name="addSahulat" time="3.406"/>
  <system-out/>
</testsuite> <!-- SyntecX.CLRMIS.AndrajeChallan -->
