<?xml version="1.0" encoding="UTF-8"?>
<!-- Generated by org.testng.reporters.JUnitReportReporter -->
<testsuite hostname="DESKTOP-RV4DRS5" failures="0" tests="4" name="SyntecX.CLRMIS.andrajEDastavezaat" time="26.366" errors="0" timestamp="2025-02-21T16:03:05 PKT" skipped="0">
  <testcase classname="SyntecX.CLRMIS.andrajEDastavezaat" name="andrajEDastavezaat" time="14.937"/>
  <system-out/>
  <testcase classname="SyntecX.CLRMIS.andrajEDastavezaat" name="talashTabdeliDocument" time="3.701"/>
  <system-out/>
  <testcase classname="SyntecX.CLRMIS.andrajEDastavezaat" name="registryAndraj" time="4.413"/>
  <system-out/>
  <testcase classname="SyntecX.CLRMIS.andrajEDastavezaat" name="tabdeliRegistry" time="3.315"/>
  <system-out/>
</testsuite> <!-- SyntecX.CLRMIS.andrajEDastavezaat -->
