<?xml version="1.0" encoding="UTF-8"?>
<!-- Generated by org.testng.reporters.JUnitReportReporter -->
<testsuite hostname="DESKTOP-ROA3C2C" failures="0" tests="2" name="SyntecX.CLRMIS.dusrayAzlahTehsilfardat" time="20.840" errors="0" timestamp="2025-01-10T16:52:27 PKT" skipped="0">
  <testcase classname="SyntecX.CLRMIS.dusrayAzlahTehsilfardat" name="durayAzalahKTehsilfardat" time="13.589"/>
  <system-out/>
  <testcase classname="SyntecX.CLRMIS.dusrayAzlahTehsilfardat" name="searchToken" time="7.251"/>
  <system-out/>
</testsuite> <!-- SyntecX.CLRMIS.dusrayAzlahTehsilfardat -->
